-------------------------------------------------------------------------------
Test set: br.com.restassuredapitesting.runners.AcceptanceTest
-------------------------------------------------------------------------------
Tests run: 1, Failures: 0, Errors: 1, Skipped: 0, Time elapsed: 0.637 s <<< FAILURE! - in br.com.restassuredapitesting.runners.AcceptanceTest
initializationError(br.com.restassuredapitesting.runners.AcceptanceTest)  Time elapsed: 0.364 s  <<< ERROR!
org.junit.runner.manipulation.NoTestsRemainException

